# JRE version: Java(TM) SE Runtime Environment (8.0_40-b26) (build 1.8.0_40-b26)
# Java VM: Java HotSpot(TM) 64-Bit Server VM (25.40-b25 mixed mode windows-amd64 compressed oops)
Heap:
 PSYoungGen      total 72192K, used 14811K [0x00000000d5d80000, 0x00000000de880000, 0x0000000100000000)
  eden space 61952K, 8% used [0x00000000d5d80000,0x00000000d625ced8,0x00000000d9a00000)
  from space 10240K, 96% used [0x00000000dde80000,0x00000000de819ff8,0x00000000de880000)
  to   space 11776K, 0% used [0x00000000dd180000,0x00000000dd180000,0x00000000ddd00000)
 ParOldGen       total 52736K, used 10942K [0x0000000081800000, 0x0000000084b80000, 0x00000000d5d80000)
  object space 52736K, 20% used [0x0000000081800000,0x00000000822afa40,0x0000000084b80000)
 Metaspace       used 33486K, capacity 34018K, committed 34432K, reserved 1079296K
  class space    used 4547K, capacity 4674K, committed 4736K, reserved 1048576K
GC Heap History (10 events):
Event: 38.109 GC heap before
{Heap before GC invocations=5 (full 0):
 PSYoungGen      total 38400K, used 9675K [0x00000000d5d80000, 0x00000000d8800000, 0x0000000100000000)
  eden space 33280K, 13% used [0x00000000d5d80000,0x00000000d61f4d08,0x00000000d7e00000)
  from space 5120K, 99% used [0x00000000d8300000,0x00000000d87fe020,0x00000000d8800000)
  to   space 5120K, 0% used [0x00000000d7e00000,0x00000000d7e00000,0x00000000d8300000)
 ParOldGen       total 87552K, used 9522K [0x0000000081800000, 0x0000000086d80000, 0x00000000d5d80000)
  object space 87552K, 10% used [0x0000000081800000,0x000000008214ca80,0x0000000086d80000)
 Metaspace       used 20962K, capacity 21182K, committed 21296K, reserved 1067008K
  class space    used 2857K, capacity 2938K, committed 2944K, reserved 1048576K
Event: 38.152 GC heap after
Heap after GC invocations=5 (full 0):
 PSYoungGen      total 38400K, used 5096K [0x00000000d5d80000, 0x00000000db480000, 0x0000000100000000)
  eden space 33280K, 0% used [0x00000000d5d80000,0x00000000d5d80000,0x00000000d7e00000)
  from space 5120K, 99% used [0x00000000d7e00000,0x00000000d82fa050,0x00000000d8300000)
  to   space 11264K, 0% used [0x00000000da980000,0x00000000da980000,0x00000000db480000)
 ParOldGen       total 87552K, used 9951K [0x0000000081800000, 0x0000000086d80000, 0x00000000d5d80000)
  object space 87552K, 11% used [0x0000000081800000,0x00000000821b7d90,0x0000000086d80000)
 Metaspace       used 20962K, capacity 21182K, committed 21296K, reserved 1067008K
  class space    used 2857K, capacity 2938K, committed 2944K, reserved 1048576K
}
Event: 38.152 GC heap before
{Heap before GC invocations=6 (full 1):
 PSYoungGen      total 38400K, used 5096K [0x00000000d5d80000, 0x00000000db480000, 0x0000000100000000)
  eden space 33280K, 0% used [0x00000000d5d80000,0x00000000d5d80000,0x00000000d7e00000)
  from space 5120K, 99% used [0x00000000d7e00000,0x00000000d82fa050,0x00000000d8300000)
  to   space 11264K, 0% used [0x00000000da980000,0x00000000da980000,0x00000000db480000)
 ParOldGen       total 87552K, used 9951K [0x0000000081800000, 0x0000000086d80000, 0x00000000d5d80000)
  object space 87552K, 11% used [0x0000000081800000,0x00000000821b7d90,0x0000000086d80000)
 Metaspace       used 20962K, capacity 21182K, committed 21296K, reserved 1067008K
  class space    used 2857K, capacity 2938K, committed 2944K, reserved 1048576K
Event: 38.200 GC heap after
Heap after GC invocations=6 (full 1):
 PSYoungGen      total 38400K, used 0K [0x00000000d5d80000, 0x00000000db480000, 0x0000000100000000)
  eden space 33280K, 0% used [0x00000000d5d80000,0x00000000d5d80000,0x00000000d7e00000)
  from space 5120K, 0% used [0x00000000d7e00000,0x00000000d7e00000,0x00000000d8300000)
  to   space 11264K, 0% used [0x00000000da980000,0x00000000da980000,0x00000000db480000)
 ParOldGen       total 52736K, used 10854K [0x0000000081800000, 0x0000000084b80000, 0x00000000d5d80000)
  object space 52736K, 20% used [0x0000000081800000,0x0000000082299a30,0x0000000084b80000)
 Metaspace       used 20962K, capacity 21182K, committed 21296K, reserved 1067008K
  class space    used 2857K, capacity 2938K, committed 2944K, reserved 1048576K
}
Event: 39.313 GC heap before
{Heap before GC invocations=7 (full 1):
 PSYoungGen      total 38400K, used 33280K [0x00000000d5d80000, 0x00000000db480000, 0x0000000100000000)
  eden space 33280K, 100% used [0x00000000d5d80000,0x00000000d7e00000,0x00000000d7e00000)
  from space 5120K, 0% used [0x00000000d7e00000,0x00000000d7e00000,0x00000000d8300000)
  to   space 11264K, 0% used [0x00000000da980000,0x00000000da980000,0x00000000db480000)
 ParOldGen       total 52736K, used 10854K [0x0000000081800000, 0x0000000084b80000, 0x00000000d5d80000)
  object space 52736K, 20% used [0x0000000081800000,0x0000000082299a30,0x0000000084b80000)
 Metaspace       used 23428K, capacity 23766K, committed 23936K, reserved 1069056K
  class space    used 3290K, capacity 3391K, committed 3456K, reserved 1048576K
Event: 39.316 GC heap after
Heap after GC invocations=7 (full 1):
 PSYoungGen      total 72704K, used 3460K [0x00000000d5d80000, 0x00000000db200000, 0x0000000100000000)
  eden space 64000K, 0% used [0x00000000d5d80000,0x00000000d5d80000,0x00000000d9c00000)
  from space 8704K, 39% used [0x00000000da980000,0x00000000dace1348,0x00000000db200000)
  to   space 11264K, 0% used [0x00000000d9c00000,0x00000000d9c00000,0x00000000da700000)
 ParOldGen       total 52736K, used 10862K [0x0000000081800000, 0x0000000084b80000, 0x00000000d5d80000)
  object space 52736K, 20% used [0x0000000081800000,0x000000008229ba30,0x0000000084b80000)
 Metaspace       used 23428K, capacity 23766K, committed 23936K, reserved 1069056K
  class space    used 3290K, capacity 3391K, committed 3456K, reserved 1048576K
}
Event: 54.992 GC heap before
{Heap before GC invocations=8 (full 1):
 PSYoungGen      total 72704K, used 67460K [0x00000000d5d80000, 0x00000000db200000, 0x0000000100000000)
  eden space 64000K, 100% used [0x00000000d5d80000,0x00000000d9c00000,0x00000000d9c00000)
  from space 8704K, 39% used [0x00000000da980000,0x00000000dace1348,0x00000000db200000)
  to   space 11264K, 0% used [0x00000000d9c00000,0x00000000d9c00000,0x00000000da700000)
 ParOldGen       total 52736K, used 10862K [0x0000000081800000, 0x0000000084b80000, 0x00000000d5d80000)
  object space 52736K, 20% used [0x0000000081800000,0x000000008229ba30,0x0000000084b80000)
 Metaspace       used 27775K, capacity 28264K, committed 28672K, reserved 1073152K
  class space    used 3810K, capacity 3977K, committed 4096K, reserved 1048576K
Event: 54.999 GC heap after
Heap after GC invocations=8 (full 1):
 PSYoungGen      total 75264K, used 6672K [0x00000000d5d80000, 0x00000000de900000, 0x0000000100000000)
  eden space 64000K, 0% used [0x00000000d5d80000,0x00000000d5d80000,0x00000000d9c00000)
  from space 11264K, 59% used [0x00000000d9c00000,0x00000000da2840b0,0x00000000da700000)
  to   space 10752K, 0% used [0x00000000dde80000,0x00000000dde80000,0x00000000de900000)
 ParOldGen       total 52736K, used 10934K [0x0000000081800000, 0x0000000084b80000, 0x00000000d5d80000)
  object space 52736K, 20% used [0x0000000081800000,0x00000000822ada40,0x0000000084b80000)
 Metaspace       used 27775K, capacity 28264K, committed 28672K, reserved 1073152K
  class space    used 3810K, capacity 3977K, committed 4096K, reserved 1048576K
}
Event: 60.101 GC heap before
{Heap before GC invocations=9 (full 1):
 PSYoungGen      total 75264K, used 70672K [0x00000000d5d80000, 0x00000000de900000, 0x0000000100000000)
  eden space 64000K, 100% used [0x00000000d5d80000,0x00000000d9c00000,0x00000000d9c00000)
  from space 11264K, 59% used [0x00000000d9c00000,0x00000000da2840b0,0x00000000da700000)
  to   space 10752K, 0% used [0x00000000dde80000,0x00000000dde80000,0x00000000de900000)
 ParOldGen       total 52736K, used 10934K [0x0000000081800000, 0x0000000084b80000, 0x00000000d5d80000)
  object space 52736K, 20% used [0x0000000081800000,0x00000000822ada40,0x0000000084b80000)
 Metaspace       used 32419K, capacity 32962K, committed 33280K, reserved 1077248K
  class space    used 4419K, capacity 4578K, committed 4608K, reserved 1048576K
Event: 60.116 GC heap after
Heap after GC invocations=9 (full 1):
 PSYoungGen      total 72192K, used 9831K [0x00000000d5d80000, 0x00000000de880000, 0x0000000100000000)
  eden space 61952K, 0% used [0x00000000d5d80000,0x00000000d5d80000,0x00000000d9a00000)
  from space 10240K, 96% used [0x00000000dde80000,0x00000000de819ff8,0x00000000de880000)
  to   space 11776K, 0% used [0x00000000dd180000,0x00000000dd180000,0x00000000ddd00000)
 ParOldGen       total 52736K, used 10942K [0x0000000081800000, 0x0000000084b80000, 0x00000000d5d80000)
  object space 52736K, 20% used [0x0000000081800000,0x00000000822afa40,0x0000000084b80000)
 Metaspace       used 32419K, capacity 32962K, committed 33280K, reserved 1077248K
  class space    used 4419K, capacity 4578K, committed 4608K, reserved 1048576K
}

